2025-07-13 10:22:13.652 -05:00 [INF] Iniciando UserService
2025-07-13 10:22:14.746 -05:00 [FTL] UserService terminado inesperadamente
System.TypeLoadException: Method 'get_LockReleaseBehavior' in type 'Pomelo.EntityFrameworkCore.MySql.Migrations.Internal.MySqlHistoryRepository' from assembly 'Pomelo.EntityFrameworkCore.MySql, Version=8.0.3.0, Culture=neutral, PublicKeyToken=2cc498582444921b' does not have an implementation.
   at Microsoft.Extensions.DependencyInjection.MySqlServiceCollectionExtensions.AddEntityFrameworkMySql(IServiceCollection serviceCollection)
   at Pomelo.EntityFrameworkCore.MySql.Infrastructure.Internal.MySqlOptionsExtension.ApplyServices(IServiceCollection services)
   at Microsoft.EntityFrameworkCore.Internal.ServiceProviderCache.ApplyServices(IDbContextOptions options, ServiceCollection services)
   at Microsoft.EntityFrameworkCore.Internal.ServiceProviderCache.<GetOrAdd>g__BuildServiceProvider|4_1(IDbContextOptions _, ValueTuple`2 arguments)
   at Microsoft.EntityFrameworkCore.Internal.ServiceProviderCache.<>c.<GetOrAdd>b__4_0(IDbContextOptions contextOptions, ValueTuple`2 tuples)
   at System.Collections.Concurrent.ConcurrentDictionary`2.GetOrAdd[TArg](TKey key, Func`3 valueFactory, TArg factoryArgument)
   at Microsoft.EntityFrameworkCore.Internal.ServiceProviderCache.GetOrAdd(IDbContextOptions options, Boolean providerRequired)
   at Microsoft.EntityFrameworkCore.DbContext..ctor(DbContextOptions options)
   at UserService.Data.UserDbContext..ctor(DbContextOptions`1 options) in C:\Users\jhon.valdes\Desktop\pruebafn\MicroservicesSolution\src\UserService\Data\UserDbContext.cs:line 8
   at System.RuntimeMethodHandle.InvokeMethod(Object target, Void** arguments, Signature sig, Boolean isConstructor)
   at System.Reflection.MethodBaseInvoker.InvokeDirectByRefWithFewArgs(Object obj, Span`1 copyOfArgs, BindingFlags invokeAttr)
   at System.Reflection.MethodBaseInvoker.InvokeWithOneArg(Object obj, BindingFlags invokeAttr, Binder binder, Object[] parameters, CultureInfo culture)
   at System.Reflection.RuntimeConstructorInfo.Invoke(BindingFlags invokeAttr, Binder binder, Object[] parameters, CultureInfo culture)
   at Microsoft.Extensions.DependencyInjection.ServiceLookup.CallSiteRuntimeResolver.VisitConstructor(ConstructorCallSite constructorCallSite, RuntimeResolverContext context)
   at Microsoft.Extensions.DependencyInjection.ServiceLookup.CallSiteVisitor`2.VisitCallSiteMain(ServiceCallSite callSite, TArgument argument)
   at Microsoft.Extensions.DependencyInjection.ServiceLookup.CallSiteRuntimeResolver.VisitCache(ServiceCallSite callSite, RuntimeResolverContext context, ServiceProviderEngineScope serviceProviderEngine, RuntimeResolverLock lockType)
   at Microsoft.Extensions.DependencyInjection.ServiceLookup.CallSiteRuntimeResolver.VisitScopeCache(ServiceCallSite callSite, RuntimeResolverContext context)
   at Microsoft.Extensions.DependencyInjection.ServiceLookup.CallSiteVisitor`2.VisitCallSite(ServiceCallSite callSite, TArgument argument)
   at Microsoft.Extensions.DependencyInjection.ServiceLookup.CallSiteRuntimeResolver.Resolve(ServiceCallSite callSite, ServiceProviderEngineScope scope)
   at Microsoft.Extensions.DependencyInjection.ServiceLookup.DynamicServiceProviderEngine.<>c__DisplayClass2_0.<RealizeService>b__0(ServiceProviderEngineScope scope)
   at Microsoft.Extensions.DependencyInjection.ServiceProvider.GetService(ServiceIdentifier serviceIdentifier, ServiceProviderEngineScope serviceProviderEngineScope)
   at Microsoft.Extensions.DependencyInjection.ServiceLookup.ServiceProviderEngineScope.GetService(Type serviceType)
   at Microsoft.Extensions.DependencyInjection.ServiceProviderServiceExtensions.GetRequiredService(IServiceProvider provider, Type serviceType)
   at Microsoft.Extensions.DependencyInjection.ServiceProviderServiceExtensions.GetRequiredService[T](IServiceProvider provider)
   at Program.<Main>$(String[] args) in C:\Users\jhon.valdes\Desktop\pruebafn\MicroservicesSolution\src\UserService\Program.cs:line 151
2025-07-13 10:31:25.397 -05:00 [INF] Iniciando UserService
2025-07-13 10:31:25.580 -05:00 [FTL] UserService terminado inesperadamente
Microsoft.Extensions.Hosting.HostAbortedException: The host was aborted.
   at Microsoft.Extensions.Hosting.HostFactoryResolver.HostingListener.ThrowHostAborted()
   at Microsoft.Extensions.Hosting.HostFactoryResolver.HostingListener.OnNext(KeyValuePair`2 value)
   at System.Diagnostics.DiagnosticListener.Write(String name, Object value)
   at Microsoft.Extensions.Hosting.HostBuilder.ResolveHost(IServiceProvider serviceProvider, DiagnosticListener diagnosticListener)
   at Microsoft.Extensions.Hosting.HostApplicationBuilder.Build()
   at Microsoft.AspNetCore.Builder.WebApplicationBuilder.Build()
   at Program.<Main>$(String[] args) in C:\Users\jhon.valdes\Desktop\pruebafn\MicroservicesSolution\src\UserService\Program.cs:line 112
2025-07-13 10:33:19.578 -05:00 [INF] Iniciando UserService
2025-07-13 10:33:19.865 -05:00 [FTL] UserService terminado inesperadamente
Microsoft.Extensions.Hosting.HostAbortedException: The host was aborted.
   at Microsoft.Extensions.Hosting.HostFactoryResolver.HostingListener.ThrowHostAborted()
   at Microsoft.Extensions.Hosting.HostFactoryResolver.HostingListener.OnNext(KeyValuePair`2 value)
   at System.Diagnostics.DiagnosticListener.Write(String name, Object value)
   at Microsoft.Extensions.Hosting.HostBuilder.ResolveHost(IServiceProvider serviceProvider, DiagnosticListener diagnosticListener)
   at Microsoft.Extensions.Hosting.HostApplicationBuilder.Build()
   at Microsoft.AspNetCore.Builder.WebApplicationBuilder.Build()
   at Program.<Main>$(String[] args) in C:\Users\jhon.valdes\Desktop\pruebafn\MicroservicesSolution\src\UserService\Program.cs:line 112
2025-07-13 10:34:21.358 -05:00 [INF] Iniciando UserService
2025-07-13 10:34:21.509 -05:00 [FTL] UserService terminado inesperadamente
Microsoft.Extensions.Hosting.HostAbortedException: The host was aborted.
   at Microsoft.Extensions.Hosting.HostFactoryResolver.HostingListener.ThrowHostAborted()
   at Microsoft.Extensions.Hosting.HostFactoryResolver.HostingListener.OnNext(KeyValuePair`2 value)
   at System.Diagnostics.DiagnosticListener.Write(String name, Object value)
   at Microsoft.Extensions.Hosting.HostBuilder.ResolveHost(IServiceProvider serviceProvider, DiagnosticListener diagnosticListener)
   at Microsoft.Extensions.Hosting.HostApplicationBuilder.Build()
   at Microsoft.AspNetCore.Builder.WebApplicationBuilder.Build()
   at Program.<Main>$(String[] args) in C:\Users\jhon.valdes\Desktop\pruebafn\MicroservicesSolution\src\UserService\Program.cs:line 112
2025-07-13 10:37:39.806 -05:00 [INF] Iniciando UserService
2025-07-13 10:37:40.017 -05:00 [FTL] UserService terminado inesperadamente
Microsoft.Extensions.Hosting.HostAbortedException: The host was aborted.
   at Microsoft.Extensions.Hosting.HostFactoryResolver.HostingListener.ThrowHostAborted()
   at Microsoft.Extensions.Hosting.HostFactoryResolver.HostingListener.OnNext(KeyValuePair`2 value)
   at System.Diagnostics.DiagnosticListener.Write(String name, Object value)
   at Microsoft.Extensions.Hosting.HostBuilder.ResolveHost(IServiceProvider serviceProvider, DiagnosticListener diagnosticListener)
   at Microsoft.Extensions.Hosting.HostApplicationBuilder.Build()
   at Microsoft.AspNetCore.Builder.WebApplicationBuilder.Build()
   at Program.<Main>$(String[] args) in C:\Users\jhon.valdes\Desktop\pruebafn\MicroservicesSolution\src\UserService\Program.cs:line 112
2025-07-13 10:40:14.196 -05:00 [INF] Iniciando UserService
2025-07-13 10:40:14.436 -05:00 [FTL] UserService terminado inesperadamente
Microsoft.Extensions.Hosting.HostAbortedException: The host was aborted.
   at Microsoft.Extensions.Hosting.HostFactoryResolver.HostingListener.ThrowHostAborted()
   at Microsoft.Extensions.Hosting.HostFactoryResolver.HostingListener.OnNext(KeyValuePair`2 value)
   at System.Diagnostics.DiagnosticListener.Write(String name, Object value)
   at Microsoft.Extensions.Hosting.HostBuilder.ResolveHost(IServiceProvider serviceProvider, DiagnosticListener diagnosticListener)
   at Microsoft.Extensions.Hosting.HostApplicationBuilder.Build()
   at Microsoft.AspNetCore.Builder.WebApplicationBuilder.Build()
   at Program.<Main>$(String[] args) in C:\Users\jhon.valdes\Desktop\pruebafn\MicroservicesSolution\src\UserService\Program.cs:line 112
2025-07-13 10:40:51.342 -05:00 [INF] Iniciando UserService
2025-07-13 10:40:51.729 -05:00 [FTL] UserService terminado inesperadamente
Microsoft.Extensions.Hosting.HostAbortedException: The host was aborted.
   at Microsoft.Extensions.Hosting.HostFactoryResolver.HostingListener.ThrowHostAborted()
   at Microsoft.Extensions.Hosting.HostFactoryResolver.HostingListener.OnNext(KeyValuePair`2 value)
   at System.Diagnostics.DiagnosticListener.Write(String name, Object value)
   at Microsoft.Extensions.Hosting.HostBuilder.ResolveHost(IServiceProvider serviceProvider, DiagnosticListener diagnosticListener)
   at Microsoft.Extensions.Hosting.HostApplicationBuilder.Build()
   at Microsoft.AspNetCore.Builder.WebApplicationBuilder.Build()
   at Program.<Main>$(String[] args) in C:\Users\jhon.valdes\Desktop\pruebafn\MicroservicesSolution\src\UserService\Program.cs:line 112
2025-07-13 10:41:24.371 -05:00 [INF] Iniciando UserService
2025-07-13 10:41:24.616 -05:00 [FTL] UserService terminado inesperadamente
Microsoft.Extensions.Hosting.HostAbortedException: The host was aborted.
   at Microsoft.Extensions.Hosting.HostFactoryResolver.HostingListener.ThrowHostAborted()
   at Microsoft.Extensions.Hosting.HostFactoryResolver.HostingListener.OnNext(KeyValuePair`2 value)
   at System.Diagnostics.DiagnosticListener.Write(String name, Object value)
   at Microsoft.Extensions.Hosting.HostBuilder.ResolveHost(IServiceProvider serviceProvider, DiagnosticListener diagnosticListener)
   at Microsoft.Extensions.Hosting.HostApplicationBuilder.Build()
   at Microsoft.AspNetCore.Builder.WebApplicationBuilder.Build()
   at Program.<Main>$(String[] args) in C:\Users\jhon.valdes\Desktop\pruebafn\MicroservicesSolution\src\UserService\Program.cs:line 112
