2025-07-15 09:11:09.458 -05:00 [INF] Iniciando UserService
2025-07-15 09:11:09.821 -05:00 [INF] UserService iniciado correctamente
2025-07-15 09:11:09.899 -05:00 [INF] User profile is available. Using 'C:\Users\jhon.valdes\AppData\Local\ASP.NET\DataProtection-Keys' as key repository and Windows DPAPI to encrypt keys at rest.
2025-07-15 09:11:10.073 -05:00 [INF] Now listening on: http://localhost:5149
2025-07-15 09:11:10.088 -05:00 [INF] Application started. Press Ctrl+C to shut down.
2025-07-15 09:11:10.093 -05:00 [INF] Hosting environment: Development
2025-07-15 09:11:10.183 -05:00 [INF] Content root path: C:\Users\jhon.valdes\Desktop\pruebafn\MicroservicesSolution\src\UserService
2025-07-15 09:59:49.947 -05:00 [INF] Application is shutting down...
2025-07-15 10:36:22.114 -05:00 [INF] Iniciando UserService
2025-07-15 10:36:22.513 -05:00 [INF] UserService iniciado correctamente
2025-07-15 10:36:22.554 -05:00 [INF] User profile is available. Using 'C:\Users\jhon.valdes\AppData\Local\ASP.NET\DataProtection-Keys' as key repository and Windows DPAPI to encrypt keys at rest.
2025-07-15 10:36:22.686 -05:00 [INF] Now listening on: http://localhost:5149
2025-07-15 10:36:22.691 -05:00 [INF] Application started. Press Ctrl+C to shut down.
2025-07-15 10:36:22.693 -05:00 [INF] Hosting environment: Development
2025-07-15 10:36:22.694 -05:00 [INF] Content root path: C:\Users\jhon.valdes\Desktop\pruebafn\MicroservicesSolution\src\UserService
2025-07-15 10:36:33.536 -05:00 [INF] Request starting HTTP/1.1 GET http://localhost:5149/ - null null
2025-07-15 10:36:33.610 -05:00 [WRN] Failed to determine the https port for redirect.
2025-07-15 10:36:33.687 -05:00 [INF] Request finished HTTP/1.1 GET http://localhost:5149/ - 404 0 null 158.4562ms
2025-07-15 10:36:33.776 -05:00 [INF] Request reached the end of the middleware pipeline without being handled by application code. Request path: GET http://localhost:5149/, Response status code: 404
2025-07-15 10:36:37.459 -05:00 [INF] Request starting HTTP/1.1 GET http://localhost:5149/api-docs/index.html - null null
2025-07-15 10:36:37.604 -05:00 [INF] Request finished HTTP/1.1 GET http://localhost:5149/api-docs/index.html - 200 null text/html;charset=utf-8 145.427ms
2025-07-15 10:36:37.803 -05:00 [INF] Request starting HTTP/1.1 GET http://localhost:5149/swagger/v1/swagger.json - null null
2025-07-15 10:36:37.968 -05:00 [INF] Request finished HTTP/1.1 GET http://localhost:5149/swagger/v1/swagger.json - 200 null application/json;charset=utf-8 164.9628ms
2025-07-15 10:38:54.375 -05:00 [INF] Application is shutting down...
